<?xml version="1.0" encoding="UTF-8"?>
<testsuite xmlns:xsi="http://www.w3.org/2001/XMLSchema-instance" xsi:noNamespaceSchemaLocation="https://maven.apache.org/surefire/maven-surefire-plugin/xsd/surefire-test-report-3.0.xsd" version="3.0" name="net.sf.jett.test.MultiForEachTagTest" time="0.093" tests="2" errors="0" skipped="0" failures="0">
  <properties>
    <property name="java.specification.version" value="17"/>
    <property name="sun.jnu.encoding" value="UTF-8"/>
    <property name="java.class.path" value="/home/wcominski/projects/jett-github/jett-revisited/target/test-classes:/home/wcominski/projects/jett-github/jett-revisited/target/classes:/home/wcominski/.m2/repository/commons-io/commons-io/2.11.0/commons-io-2.11.0.jar:/home/wcominski/.m2/repository/net/sf/jagg/jagg-core/0.9.0/jagg-core-0.9.0.jar:/home/wcominski/.m2/repository/org/apache/poi/poi/5.2.2/poi-5.2.2.jar:/home/wcominski/.m2/repository/commons-codec/commons-codec/1.15/commons-codec-1.15.jar:/home/wcominski/.m2/repository/org/apache/commons/commons-collections4/4.4/commons-collections4-4.4.jar:/home/wcominski/.m2/repository/org/apache/commons/commons-math3/3.6.1/commons-math3-3.6.1.jar:/home/wcominski/.m2/repository/com/zaxxer/SparseBitSet/1.2/SparseBitSet-1.2.jar:/home/wcominski/.m2/repository/org/apache/poi/poi-ooxml/5.2.2/poi-ooxml-5.2.2.jar:/home/wcominski/.m2/repository/org/apache/poi/poi-ooxml-lite/5.2.2/poi-ooxml-lite-5.2.2.jar:/home/wcominski/.m2/repository/org/apache/xmlbeans/xmlbeans/5.0.3/xmlbeans-5.0.3.jar:/home/wcominski/.m2/repository/org/apache/commons/commons-compress/1.21/commons-compress-1.21.jar:/home/wcominski/.m2/repository/com/github/virtuald/curvesapi/1.07/curvesapi-1.07.jar:/home/wcominski/.m2/repository/org/apache/commons/commons-jexl/2.1.1/commons-jexl-2.1.1.jar:/home/wcominski/.m2/repository/commons-logging/commons-logging/1.1.1/commons-logging-1.1.1.jar:/home/wcominski/.m2/repository/junit/junit/4.8.2/junit-4.8.2.jar:/home/wcominski/.m2/repository/hsqldb/hsqldb/1.8.0.10/hsqldb-1.8.0.10.jar:/home/wcominski/.m2/repository/org/apache/logging/log4j/log4j-api/2.18.0/log4j-api-2.18.0.jar:/home/wcominski/.m2/repository/org/apache/logging/log4j/log4j-core/2.18.0/log4j-core-2.18.0.jar:/home/wcominski/.m2/repository/org/apache/logging/log4j/log4j-jcl/2.18.0/log4j-jcl-2.18.0.jar:"/>
    <property name="java.vm.vendor" value="Red Hat, Inc."/>
    <property name="sun.arch.data.model" value="64"/>
    <property name="sun.font.fontmanager" value="sun.awt.X11FontManager"/>
    <property name="java.vendor.url" value="https://www.redhat.com/"/>
    <property name="user.timezone" value="America/New_York"/>
    <property name="os.name" value="Linux"/>
    <property name="java.vm.specification.version" value="17"/>
    <property name="sun.java.launcher" value="SUN_STANDARD"/>
    <property name="user.country" value="US"/>
    <property name="sun.boot.library.path" value="/usr/lib/jvm/java-17-openjdk-17.0.9.0.9-3.fc39.x86_64/lib"/>
    <property name="sun.java.command" value="/home/wcominski/projects/jett-github/jett-revisited/target/surefire/surefirebooter-20240408222733076_3.jar /home/wcominski/projects/jett-github/jett-revisited/target/surefire 2024-04-08T22-27-32_972-jvmRun1 surefire-20240408222733076_1tmp surefire_0-20240408222733076_2tmp"/>
    <property name="jdk.debug" value="release"/>
    <property name="surefire.test.class.path" value="/home/wcominski/projects/jett-github/jett-revisited/target/test-classes:/home/wcominski/projects/jett-github/jett-revisited/target/classes:/home/wcominski/.m2/repository/commons-io/commons-io/2.11.0/commons-io-2.11.0.jar:/home/wcominski/.m2/repository/net/sf/jagg/jagg-core/0.9.0/jagg-core-0.9.0.jar:/home/wcominski/.m2/repository/org/apache/poi/poi/5.2.2/poi-5.2.2.jar:/home/wcominski/.m2/repository/commons-codec/commons-codec/1.15/commons-codec-1.15.jar:/home/wcominski/.m2/repository/org/apache/commons/commons-collections4/4.4/commons-collections4-4.4.jar:/home/wcominski/.m2/repository/org/apache/commons/commons-math3/3.6.1/commons-math3-3.6.1.jar:/home/wcominski/.m2/repository/com/zaxxer/SparseBitSet/1.2/SparseBitSet-1.2.jar:/home/wcominski/.m2/repository/org/apache/poi/poi-ooxml/5.2.2/poi-ooxml-5.2.2.jar:/home/wcominski/.m2/repository/org/apache/poi/poi-ooxml-lite/5.2.2/poi-ooxml-lite-5.2.2.jar:/home/wcominski/.m2/repository/org/apache/xmlbeans/xmlbeans/5.0.3/xmlbeans-5.0.3.jar:/home/wcominski/.m2/repository/org/apache/commons/commons-compress/1.21/commons-compress-1.21.jar:/home/wcominski/.m2/repository/com/github/virtuald/curvesapi/1.07/curvesapi-1.07.jar:/home/wcominski/.m2/repository/org/apache/commons/commons-jexl/2.1.1/commons-jexl-2.1.1.jar:/home/wcominski/.m2/repository/commons-logging/commons-logging/1.1.1/commons-logging-1.1.1.jar:/home/wcominski/.m2/repository/junit/junit/4.8.2/junit-4.8.2.jar:/home/wcominski/.m2/repository/hsqldb/hsqldb/1.8.0.10/hsqldb-1.8.0.10.jar:/home/wcominski/.m2/repository/org/apache/logging/log4j/log4j-api/2.18.0/log4j-api-2.18.0.jar:/home/wcominski/.m2/repository/org/apache/logging/log4j/log4j-core/2.18.0/log4j-core-2.18.0.jar:/home/wcominski/.m2/repository/org/apache/logging/log4j/log4j-jcl/2.18.0/log4j-jcl-2.18.0.jar:"/>
    <property name="sun.cpu.endian" value="little"/>
    <property name="user.home" value="/home/wcominski"/>
    <property name="user.language" value="en"/>
    <property name="java.specification.vendor" value="Oracle Corporation"/>
    <property name="java.version.date" value="2023-10-17"/>
    <property name="java.home" value="/usr/lib/jvm/java-17-openjdk-17.0.9.0.9-3.fc39.x86_64"/>
    <property name="file.separator" value="/"/>
    <property name="basedir" value="/home/wcominski/projects/jett-github/jett-revisited"/>
    <property name="java.vm.compressedOopsMode" value="Zero based"/>
    <property name="line.separator" value="&#10;"/>
    <property name="java.vm.specification.vendor" value="Oracle Corporation"/>
    <property name="java.specification.name" value="Java Platform API Specification"/>
    <property name="surefire.real.class.path" value="/home/wcominski/projects/jett-github/jett-revisited/target/surefire/surefirebooter-20240408222733076_3.jar"/>
    <property name="sun.management.compiler" value="HotSpot 64-Bit Tiered Compilers"/>
    <property name="java.runtime.version" value="17.0.9+9"/>
    <property name="user.name" value="wcominski"/>
    <property name="path.separator" value=":"/>
    <property name="os.version" value="6.7.9-200.fc39.x86_64"/>
    <property name="java.runtime.name" value="OpenJDK Runtime Environment"/>
    <property name="file.encoding" value="UTF-8"/>
    <property name="java.vm.name" value="OpenJDK 64-Bit Server VM"/>
    <property name="java.vendor.version" value="(Red_Hat-17.0.9.0.9-4)"/>
    <property name="localRepository" value="/home/wcominski/.m2/repository"/>
    <property name="java.vendor.url.bug" value="https://bugzilla.redhat.com/enter_bug.cgi?product=Fedora&amp;component=java-17-openjdk&amp;version=38"/>
    <property name="java.io.tmpdir" value="/tmp"/>
    <property name="java.version" value="17.0.9"/>
    <property name="user.dir" value="/home/wcominski/projects/jett-github/jett-revisited"/>
    <property name="os.arch" value="amd64"/>
    <property name="java.vm.specification.name" value="Java Virtual Machine Specification"/>
    <property name="native.encoding" value="UTF-8"/>
    <property name="java.library.path" value="/usr/java/packages/lib:/usr/lib64:/lib64:/lib:/usr/lib"/>
    <property name="java.vm.info" value="mixed mode, sharing"/>
    <property name="java.vendor" value="Red Hat, Inc."/>
    <property name="java.vm.version" value="17.0.9+9"/>
    <property name="sun.io.unicode.encoding" value="UnicodeLittle"/>
    <property name="java.class.version" value="61.0"/>
  </properties>
  <testcase name="testXls" classname="net.sf.jett.test.MultiForEachTagTest" time="0.022"/>
  <testcase name="testXlsx" classname="net.sf.jett.test.MultiForEachTagTest" time="0.071"/>
</testsuite>